mode: atomic
github.com/costco-go/cmd/costco-cli/main.go:17.13,31.25 3 0
github.com/costco-go/cmd/costco-cli/main.go:31.25,32.44 1 0
github.com/costco-go/cmd/costco-cli/main.go:32.44,34.4 1 0
github.com/costco-go/cmd/costco-cli/main.go:35.3,35.9 1 0
github.com/costco-go/cmd/costco-cli/main.go:38.2,38.24 1 0
github.com/costco-go/cmd/costco-cli/main.go:38.24,41.3 2 0
github.com/costco-go/cmd/costco-cli/main.go:44.2,45.16 2 0
github.com/costco-go/cmd/costco-cli/main.go:45.16,47.3 1 0
github.com/costco-go/cmd/costco-cli/main.go:49.2,49.25 1 0
github.com/costco-go/cmd/costco-cli/main.go:49.25,51.3 1 0
github.com/costco-go/cmd/costco-cli/main.go:54.2,57.69 3 0
github.com/costco-go/cmd/costco-cli/main.go:57.69,61.17 3 0
github.com/costco-go/cmd/costco-cli/main.go:61.17,63.4 1 0
github.com/costco-go/cmd/costco-cli/main.go:64.3,65.35 2 0
github.com/costco-go/cmd/costco-cli/main.go:69.2,69.22 1 0
github.com/costco-go/cmd/costco-cli/main.go:69.22,71.3 1 0
github.com/costco-go/cmd/costco-cli/main.go:72.2,72.20 1 0
github.com/costco-go/cmd/costco-cli/main.go:72.20,74.3 1 0
github.com/costco-go/cmd/costco-cli/main.go:76.2,86.18 4 0
github.com/costco-go/cmd/costco-cli/main.go:87.16,88.84 1 0
github.com/costco-go/cmd/costco-cli/main.go:89.18,90.62 1 0
github.com/costco-go/cmd/costco-cli/main.go:91.24,92.21 1 0
github.com/costco-go/cmd/costco-cli/main.go:92.21,94.4 1 0
github.com/costco-go/cmd/costco-cli/main.go:95.3,95.55 1 0
github.com/costco-go/cmd/costco-cli/main.go:96.10,97.46 1 0
github.com/costco-go/cmd/costco-cli/main.go:101.130,103.16 2 0
github.com/costco-go/cmd/costco-cli/main.go:103.16,105.3 1 0
github.com/costco-go/cmd/costco-cli/main.go:107.2,107.16 1 0
github.com/costco-go/cmd/costco-cli/main.go:107.16,110.48 3 0
github.com/costco-go/cmd/costco-cli/main.go:110.48,112.4 1 0
github.com/costco-go/cmd/costco-cli/main.go:113.3,113.9 1 0
github.com/costco-go/cmd/costco-cli/main.go:116.2,120.40 4 0
github.com/costco-go/cmd/costco-cli/main.go:120.40,127.36 6 0
github.com/costco-go/cmd/costco-cli/main.go:127.36,129.46 2 0
github.com/costco-go/cmd/costco-cli/main.go:129.46,130.14 1 0
github.com/costco-go/cmd/costco-cli/main.go:130.14,132.6 1 0
github.com/costco-go/cmd/costco-cli/main.go:134.4,134.37 1 0
github.com/costco-go/cmd/costco-cli/main.go:134.37,136.5 1 0
github.com/costco-go/cmd/costco-cli/main.go:141.106,149.16 6 0
github.com/costco-go/cmd/costco-cli/main.go:149.16,151.3 1 0
github.com/costco-go/cmd/costco-cli/main.go:153.2,153.16 1 0
github.com/costco-go/cmd/costco-cli/main.go:153.16,156.50 3 0
github.com/costco-go/cmd/costco-cli/main.go:156.50,158.4 1 0
github.com/costco-go/cmd/costco-cli/main.go:159.3,159.9 1 0
github.com/costco-go/cmd/costco-cli/main.go:162.2,167.44 4 0
github.com/costco-go/cmd/costco-cli/main.go:167.44,173.3 5 0
github.com/costco-go/cmd/costco-cli/main.go:176.100,178.16 2 0
github.com/costco-go/cmd/costco-cli/main.go:178.16,180.3 1 0
github.com/costco-go/cmd/costco-cli/main.go:182.2,182.16 1 0
github.com/costco-go/cmd/costco-cli/main.go:182.16,185.49 3 0
github.com/costco-go/cmd/costco-cli/main.go:185.49,187.4 1 0
github.com/costco-go/cmd/costco-cli/main.go:188.3,188.9 1 0
github.com/costco-go/cmd/costco-cli/main.go:191.2,203.41 10 0
github.com/costco-go/cmd/costco-cli/main.go:203.41,205.20 2 0
github.com/costco-go/cmd/costco-cli/main.go:205.20,207.4 1 0
github.com/costco-go/cmd/costco-cli/main.go:207.9,209.4 1 0
github.com/costco-go/cmd/costco-cli/main.go:212.2,217.34 5 0
github.com/costco-go/cmd/costco-cli/main.go:217.34,219.46 2 0
github.com/costco-go/cmd/costco-cli/main.go:219.46,222.4 1 0
github.com/costco-go/cmd/costco-cli/setup.go:15.31,28.57 8 0
github.com/costco-go/cmd/costco-cli/setup.go:28.57,31.3 2 0
github.com/costco-go/cmd/costco-cli/setup.go:31.8,33.3 1 0
github.com/costco-go/cmd/costco-cli/setup.go:35.2,37.39 3 0
github.com/costco-go/cmd/costco-cli/setup.go:37.39,39.3 1 0
github.com/costco-go/cmd/costco-cli/setup.go:42.2,43.67 2 0
github.com/costco-go/cmd/costco-cli/setup.go:43.67,46.3 2 0
github.com/costco-go/cmd/costco-cli/setup.go:46.8,48.3 1 0
github.com/costco-go/cmd/costco-cli/setup.go:50.2,52.21 3 0
github.com/costco-go/cmd/costco-cli/setup.go:52.21,54.3 1 0
github.com/costco-go/cmd/costco-cli/setup.go:57.2,62.50 2 0
github.com/costco-go/cmd/costco-cli/setup.go:62.50,64.3 1 0
github.com/costco-go/cmd/costco-cli/setup.go:66.2,73.38 5 0
github.com/costco-go/cmd/costco-cli/setup.go:73.38,76.17 3 0
github.com/costco-go/cmd/costco-cli/setup.go:76.17,78.4 1 0
github.com/costco-go/cmd/costco-cli/setup.go:79.3,95.17 7 0
github.com/costco-go/cmd/costco-cli/setup.go:95.17,97.4 1 0
github.com/costco-go/cmd/costco-cli/setup.go:99.3,100.86 2 0
github.com/costco-go/cmd/costco-cli/setup.go:103.2,109.12 6 0
github.com/costco-go/pkg/costco/client.go:28.39,29.36 1 1
github.com/costco-go/pkg/costco/client.go:29.36,31.3 1 1
github.com/costco-go/pkg/costco/client.go:33.2,41.62 2 1
github.com/costco-go/pkg/costco/client.go:41.62,47.3 2 1
github.com/costco-go/pkg/costco/client.go:49.2,49.15 1 1
github.com/costco-go/pkg/costco/client.go:52.39,69.16 16 4
github.com/costco-go/pkg/costco/client.go:69.16,71.3 1 0
github.com/costco-go/pkg/costco/client.go:73.2,83.16 10 4
github.com/costco-go/pkg/costco/client.go:83.16,85.3 1 0
github.com/costco-go/pkg/costco/client.go:86.2,88.38 2 4
github.com/costco-go/pkg/costco/client.go:88.38,91.3 2 0
github.com/costco-go/pkg/costco/client.go:93.2,94.70 2 4
github.com/costco-go/pkg/costco/client.go:94.70,96.3 1 0
github.com/costco-go/pkg/costco/client.go:98.2,110.49 6 4
github.com/costco-go/pkg/costco/client.go:110.49,113.3 1 0
github.com/costco-go/pkg/costco/client.go:115.2,115.12 1 4
github.com/costco-go/pkg/costco/client.go:118.69,120.16 2 5
github.com/costco-go/pkg/costco/client.go:120.16,122.3 1 0
github.com/costco-go/pkg/costco/client.go:124.2,124.52 1 5
github.com/costco-go/pkg/costco/client.go:124.52,125.45 1 5
github.com/costco-go/pkg/costco/client.go:125.45,127.4 1 5
github.com/costco-go/pkg/costco/client.go:130.2,130.41 1 0
github.com/costco-go/pkg/costco/client.go:133.47,139.19 5 5
github.com/costco-go/pkg/costco/client.go:139.19,141.3 1 2
github.com/costco-go/pkg/costco/client.go:143.2,143.21 1 3
github.com/costco-go/pkg/costco/client.go:143.21,145.3 1 0
github.com/costco-go/pkg/costco/client.go:147.2,147.25 1 3
github.com/costco-go/pkg/costco/client.go:150.39,169.16 17 1
github.com/costco-go/pkg/costco/client.go:169.16,171.3 1 0
github.com/costco-go/pkg/costco/client.go:173.2,183.16 10 1
github.com/costco-go/pkg/costco/client.go:183.16,185.3 1 0
github.com/costco-go/pkg/costco/client.go:186.2,188.38 2 1
github.com/costco-go/pkg/costco/client.go:188.38,190.3 1 0
github.com/costco-go/pkg/costco/client.go:192.2,193.70 2 1
github.com/costco-go/pkg/costco/client.go:193.70,195.3 1 0
github.com/costco-go/pkg/costco/client.go:197.2,209.49 6 1
github.com/costco-go/pkg/costco/client.go:209.49,212.3 1 0
github.com/costco-go/pkg/costco/client.go:214.2,214.12 1 1
github.com/costco-go/pkg/costco/client.go:217.128,218.49 1 5
github.com/costco-go/pkg/costco/client.go:218.49,220.3 1 0
github.com/costco-go/pkg/costco/client.go:222.2,228.16 3 5
github.com/costco-go/pkg/costco/client.go:228.16,230.3 1 0
github.com/costco-go/pkg/costco/client.go:232.2,233.16 2 5
github.com/costco-go/pkg/costco/client.go:233.16,235.3 1 0
github.com/costco-go/pkg/costco/client.go:237.2,264.16 26 5
github.com/costco-go/pkg/costco/client.go:264.16,266.3 1 0
github.com/costco-go/pkg/costco/client.go:267.2,269.38 2 5
github.com/costco-go/pkg/costco/client.go:269.38,272.3 2 0
github.com/costco-go/pkg/costco/client.go:274.2,277.72 3 5
github.com/costco-go/pkg/costco/client.go:277.72,279.3 1 0
github.com/costco-go/pkg/costco/client.go:281.2,281.33 1 5
github.com/costco-go/pkg/costco/client.go:281.33,283.3 1 0
github.com/costco-go/pkg/costco/client.go:285.2,285.12 1 5
github.com/costco-go/pkg/costco/client.go:288.139,301.85 3 1
github.com/costco-go/pkg/costco/client.go:301.85,303.3 1 0
github.com/costco-go/pkg/costco/client.go:305.2,305.37 1 1
github.com/costco-go/pkg/costco/client.go:308.146,320.81 3 1
github.com/costco-go/pkg/costco/client.go:320.81,322.3 1 0
github.com/costco-go/pkg/costco/client.go:324.2,324.40 1 1
github.com/costco-go/pkg/costco/client.go:327.28,331.2 3 5
github.com/costco-go/pkg/costco/client.go:333.104,345.86 3 3
github.com/costco-go/pkg/costco/client.go:345.86,347.3 1 0
github.com/costco-go/pkg/costco/client.go:349.2,349.50 1 3
github.com/costco-go/pkg/costco/client.go:349.50,351.3 1 0
github.com/costco-go/pkg/costco/client.go:353.2,353.52 1 3
github.com/costco-go/pkg/costco/config.go:30.38,32.16 2 11
github.com/costco-go/pkg/costco/config.go:32.16,34.3 1 0
github.com/costco-go/pkg/costco/config.go:35.2,35.44 1 11
github.com/costco-go/pkg/costco/config.go:38.30,40.16 2 5
github.com/costco-go/pkg/costco/config.go:40.16,42.3 1 0
github.com/costco-go/pkg/costco/config.go:43.2,43.38 1 5
github.com/costco-go/pkg/costco/config.go:46.45,47.42 1 0
github.com/costco-go/pkg/costco/config.go:47.42,49.3 1 0
github.com/costco-go/pkg/costco/config.go:51.2,52.16 2 0
github.com/costco-go/pkg/costco/config.go:52.16,54.3 1 0
github.com/costco-go/pkg/costco/config.go:56.2,57.16 2 0
github.com/costco-go/pkg/costco/config.go:57.16,59.3 1 0
github.com/costco-go/pkg/costco/config.go:61.2,62.43 2 0
github.com/costco-go/pkg/costco/config.go:65.42,67.16 2 0
github.com/costco-go/pkg/costco/config.go:67.16,69.3 1 0
github.com/costco-go/pkg/costco/config.go:71.2,73.16 3 0
github.com/costco-go/pkg/costco/config.go:73.16,74.25 1 0
github.com/costco-go/pkg/costco/config.go:74.25,76.4 1 0
github.com/costco-go/pkg/costco/config.go:77.3,77.18 1 0
github.com/costco-go/pkg/costco/config.go:80.2,81.54 2 0
github.com/costco-go/pkg/costco/config.go:81.54,83.3 1 0
github.com/costco-go/pkg/costco/config.go:85.2,85.21 1 0
github.com/costco-go/pkg/costco/config.go:88.45,89.42 1 5
github.com/costco-go/pkg/costco/config.go:89.42,91.3 1 0
github.com/costco-go/pkg/costco/config.go:93.2,94.16 2 5
github.com/costco-go/pkg/costco/config.go:94.16,96.3 1 0
github.com/costco-go/pkg/costco/config.go:98.2,101.16 3 5
github.com/costco-go/pkg/costco/config.go:101.16,103.3 1 0
github.com/costco-go/pkg/costco/config.go:105.2,106.43 2 5
github.com/costco-go/pkg/costco/config.go:109.42,111.16 2 1
github.com/costco-go/pkg/costco/config.go:111.16,113.3 1 0
github.com/costco-go/pkg/costco/config.go:115.2,117.16 3 1
github.com/costco-go/pkg/costco/config.go:117.16,118.25 1 0
github.com/costco-go/pkg/costco/config.go:118.25,120.4 1 0
github.com/costco-go/pkg/costco/config.go:121.3,121.18 1 0
github.com/costco-go/pkg/costco/config.go:124.2,125.54 2 1
github.com/costco-go/pkg/costco/config.go:125.54,127.3 1 0
github.com/costco-go/pkg/costco/config.go:129.2,129.21 1 1
github.com/costco-go/pkg/costco/config.go:132.26,134.16 2 0
github.com/costco-go/pkg/costco/config.go:134.16,136.3 1 0
github.com/costco-go/pkg/costco/config.go:138.2,140.39 3 0
github.com/costco-go/pkg/costco/config.go:140.39,142.3 1 0
github.com/costco-go/pkg/costco/config.go:143.2,143.12 1 0
github.com/costco-go/pkg/costco/config.go:146.29,148.16 2 0
github.com/costco-go/pkg/costco/config.go:148.16,150.3 1 0
github.com/costco-go/pkg/costco/config.go:152.2,156.47 3 0
github.com/costco-go/pkg/costco/config.go:156.47,158.3 1 0
github.com/costco-go/pkg/costco/config.go:158.8,160.3 1 0
github.com/costco-go/pkg/costco/config.go:163.2,164.46 2 0
github.com/costco-go/pkg/costco/config.go:164.46,168.63 2 0
github.com/costco-go/pkg/costco/config.go:168.63,169.45 1 0
github.com/costco-go/pkg/costco/config.go:169.45,171.5 1 0
github.com/costco-go/pkg/costco/config.go:171.10,173.5 1 0
github.com/costco-go/pkg/costco/config.go:174.4,174.88 1 0
github.com/costco-go/pkg/costco/config.go:176.8,178.3 1 0
github.com/costco-go/pkg/costco/config.go:180.2,180.13 1 0
github.com/costco-go/pkg/costco/helpers.go:20.121,23.16 2 1
github.com/costco-go/pkg/costco/helpers.go:23.16,25.3 1 0
github.com/costco-go/pkg/costco/helpers.go:27.2,30.44 2 1
github.com/costco-go/pkg/costco/helpers.go:30.44,32.39 1 2
github.com/costco-go/pkg/costco/helpers.go:32.39,33.12 1 0
github.com/costco-go/pkg/costco/helpers.go:37.3,38.77 2 2
github.com/costco-go/pkg/costco/helpers.go:38.77,40.4 1 1
github.com/costco-go/pkg/costco/helpers.go:43.3,44.17 2 2
github.com/costco-go/pkg/costco/helpers.go:44.17,47.12 2 0
github.com/costco-go/pkg/costco/helpers.go:51.3,62.51 3 2
github.com/costco-go/pkg/costco/helpers.go:65.2,65.26 1 1
github.com/costco-go/pkg/costco/helpers.go:74.11,76.16 2 0
github.com/costco-go/pkg/costco/helpers.go:76.16,78.3 1 0
github.com/costco-go/pkg/costco/helpers.go:80.2,87.34 2 0
github.com/costco-go/pkg/costco/helpers.go:87.34,88.33 1 0
github.com/costco-go/pkg/costco/helpers.go:88.33,89.37 1 0
github.com/costco-go/pkg/costco/helpers.go:89.37,101.5 1 0
github.com/costco-go/pkg/costco/helpers.go:105.2,105.21 1 0
github.com/costco-go/pkg/costco/helpers.go:113.11,115.16 2 0
github.com/costco-go/pkg/costco/helpers.go:115.16,117.3 1 0
github.com/costco-go/pkg/costco/helpers.go:119.2,125.34 2 0
github.com/costco-go/pkg/costco/helpers.go:125.34,126.33 1 0
github.com/costco-go/pkg/costco/helpers.go:126.33,133.4 6 0
github.com/costco-go/pkg/costco/helpers.go:136.2,136.21 1 0
github.com/costco-go/pkg/costco/helpers.go:146.11,148.16 2 0
github.com/costco-go/pkg/costco/helpers.go:148.16,150.3 1 0
github.com/costco-go/pkg/costco/helpers.go:152.2,162.34 3 0
github.com/costco-go/pkg/costco/helpers.go:162.34,163.33 1 0
github.com/costco-go/pkg/costco/helpers.go:163.33,164.57 1 0
github.com/costco-go/pkg/costco/helpers.go:164.57,168.5 3 0
github.com/costco-go/pkg/costco/helpers.go:168.10,176.5 1 0
github.com/costco-go/pkg/costco/helpers.go:181.2,189.32 2 0
github.com/costco-go/pkg/costco/helpers.go:189.32,203.3 1 0
github.com/costco-go/pkg/costco/helpers.go:207.2,207.36 1 0
github.com/costco-go/pkg/costco/helpers.go:207.36,208.39 1 0
github.com/costco-go/pkg/costco/helpers.go:208.39,209.57 1 0
github.com/costco-go/pkg/costco/helpers.go:209.57,211.5 1 0
github.com/costco-go/pkg/costco/helpers.go:216.2,216.37 1 0
github.com/costco-go/pkg/costco/helpers.go:216.37,218.3 1 0
github.com/costco-go/pkg/costco/helpers.go:220.2,220.19 1 0
